Downloading https://plugins.gradle.org/m2/org/gradle/kotlin/kotlin-dsl/org.gradle.kotlin.kotlin-dsl.gradle.plugin/5.2.0/org.gradle.kotlin.kotlin-dsl.gradle.plugin-5.2.0.pom to /Users/jendrik/projects/gradle/howto/javarcade/docs/presentation/src/main/assets/work/home/.gradle/.tmp/gradle_download797120018258897423bin
Downloading https://plugins.gradle.org/m2/org/gradle/kotlin/gradle-kotlin-dsl-plugins/5.2.0/gradle-kotlin-dsl-plugins-5.2.0.pom to /Users/jendrik/projects/gradle/howto/javarcade/docs/presentation/src/main/assets/work/home/.gradle/.tmp/gradle_download9131182914572525560bin
Downloading https://plugins.gradle.org/m2/org/gradle/kotlin/gradle-kotlin-dsl-plugins/5.2.0/gradle-kotlin-dsl-plugins-5.2.0.module to /Users/jendrik/projects/gradle/howto/javarcade/docs/presentation/src/main/assets/work/home/.gradle/.tmp/gradle_download15556522558878749018bin
Downloading https://plugins.gradle.org/m2/org/jetbrains/kotlin/kotlin-gradle-plugin-api/2.0.21/kotlin-gradle-plugin-api-2.0.21.pom to /Users/jendrik/projects/gradle/howto/javarcade/docs/presentation/src/main/assets/work/home/.gradle/.tmp/gradle_download7368813607396848178bin
Downloading https://plugins.gradle.org/m2/org/jetbrains/kotlin/kotlin-gradle-plugins-bom/2.0.21/kotlin-gradle-plugins-bom-2.0.21.pom to /Users/jendrik/projects/gradle/howto/javarcade/docs/presentation/src/main/assets/work/home/.gradle/.tmp/gradle_download2672329980364625339bin
Downloading https://plugins.gradle.org/m2/org/jetbrains/kotlin/kotlin-sam-with-receiver/2.0.21/kotlin-sam-with-receiver-2.0.21.pom to /Users/jendrik/projects/gradle/howto/javarcade/docs/presentation/src/main/assets/work/home/.gradle/.tmp/gradle_download5019785564039920960bin
Downloading https://plugins.gradle.org/m2/org/jetbrains/kotlin/kotlin-gradle-plugins-bom/2.0.21/kotlin-gradle-plugins-bom-2.0.21.module to /Users/jendrik/projects/gradle/howto/javarcade/docs/presentation/src/main/assets/work/home/.gradle/.tmp/gradle_download1473206495604842301bin
Downloading https://plugins.gradle.org/m2/org/jetbrains/kotlin/kotlin-gradle-plugin-api/2.0.21/kotlin-gradle-plugin-api-2.0.21.module to /Users/jendrik/projects/gradle/howto/javarcade/docs/presentation/src/main/assets/work/home/.gradle/.tmp/gradle_download15757912114336011005bin
Downloading https://plugins.gradle.org/m2/org/jetbrains/kotlin/kotlin-sam-with-receiver/2.0.21/kotlin-sam-with-receiver-2.0.21.module to /Users/jendrik/projects/gradle/howto/javarcade/docs/presentation/src/main/assets/work/home/.gradle/.tmp/gradle_download8437627679991416660bin
Downloading https://plugins.gradle.org/m2/org/jetbrains/kotlin/kotlin-gradle-plugin/2.0.21/kotlin-gradle-plugin-2.0.21.pom to /Users/jendrik/projects/gradle/howto/javarcade/docs/presentation/src/main/assets/work/home/.gradle/.tmp/gradle_download13581977916794883712bin
Downloading https://plugins.gradle.org/m2/org/jetbrains/kotlin/kotlin-assignment/2.0.21/kotlin-assignment-2.0.21.pom to /Users/jendrik/projects/gradle/howto/javarcade/docs/presentation/src/main/assets/work/home/.gradle/.tmp/gradle_download17549165242503006866bin
Downloading https://plugins.gradle.org/m2/org/jetbrains/kotlin/kotlin-gradle-plugin/2.0.21/kotlin-gradle-plugin-2.0.21.module to /Users/jendrik/projects/gradle/howto/javarcade/docs/presentation/src/main/assets/work/home/.gradle/.tmp/gradle_download8465523395070160377bin
Downloading https://plugins.gradle.org/m2/org/jetbrains/kotlin/kotlin-assignment/2.0.21/kotlin-assignment-2.0.21.module to /Users/jendrik/projects/gradle/howto/javarcade/docs/presentation/src/main/assets/work/home/.gradle/.tmp/gradle_download17135943402757075981bin
Downloading https://plugins.gradle.org/m2/org/jetbrains/kotlin/kotlin-stdlib/2.0.21/kotlin-stdlib-2.0.21.pom to /Users/jendrik/projects/gradle/howto/javarcade/docs/presentation/src/main/assets/work/home/.gradle/.tmp/gradle_download16110070821352848547bin
Downloading https://plugins.gradle.org/m2/org/jetbrains/kotlin/kotlin-stdlib/2.0.21/kotlin-stdlib-2.0.21.module to /Users/jendrik/projects/gradle/howto/javarcade/docs/presentation/src/main/assets/work/home/.gradle/.tmp/gradle_download9054847244720044149bin
Downloading https://plugins.gradle.org/m2/org/jetbrains/kotlin/kotlin-build-tools-api/2.0.21/kotlin-build-tools-api-2.0.21.pom to /Users/jendrik/projects/gradle/howto/javarcade/docs/presentation/src/main/assets/work/home/.gradle/.tmp/gradle_download3136011112019161001bin
Downloading https://plugins.gradle.org/m2/org/jetbrains/kotlin/kotlin-build-statistics/2.0.21/kotlin-build-statistics-2.0.21.pom to /Users/jendrik/projects/gradle/howto/javarcade/docs/presentation/src/main/assets/work/home/.gradle/.tmp/gradle_download9215111297398777139bin
Downloading https://plugins.gradle.org/m2/org/jetbrains/kotlin/kotlin-gradle-plugin-model/2.0.21/kotlin-gradle-plugin-model-2.0.21.pom to /Users/jendrik/projects/gradle/howto/javarcade/docs/presentation/src/main/assets/work/home/.gradle/.tmp/gradle_download11089064928873492709bin
Downloading https://plugins.gradle.org/m2/org/jetbrains/kotlin/kotlin-klib-commonizer-api/2.0.21/kotlin-klib-commonizer-api-2.0.21.pom to /Users/jendrik/projects/gradle/howto/javarcade/docs/presentation/src/main/assets/work/home/.gradle/.tmp/gradle_download15828767292049696068bin
Downloading https://plugins.gradle.org/m2/org/jetbrains/kotlin/kotlin-util-klib/2.0.21/kotlin-util-klib-2.0.21.pom to /Users/jendrik/projects/gradle/howto/javarcade/docs/presentation/src/main/assets/work/home/.gradle/.tmp/gradle_download2589037729092521201bin
Downloading https://plugins.gradle.org/m2/org/jetbrains/kotlin/kotlin-compiler-runner/2.0.21/kotlin-compiler-runner-2.0.21.pom to /Users/jendrik/projects/gradle/howto/javarcade/docs/presentation/src/main/assets/work/home/.gradle/.tmp/gradle_download15437015047525867670bin
Downloading https://plugins.gradle.org/m2/org/jetbrains/kotlin/kotlin-gradle-plugin-idea/2.0.21/kotlin-gradle-plugin-idea-2.0.21.pom to /Users/jendrik/projects/gradle/howto/javarcade/docs/presentation/src/main/assets/work/home/.gradle/.tmp/gradle_download6378425933478680463bin
Downloading https://plugins.gradle.org/m2/org/jetbrains/kotlin/kotlin-compiler-embeddable/2.0.21/kotlin-compiler-embeddable-2.0.21.pom to /Users/jendrik/projects/gradle/howto/javarcade/docs/presentation/src/main/assets/work/home/.gradle/.tmp/gradle_download15736530171938452123bin
Downloading https://plugins.gradle.org/m2/org/jetbrains/kotlin/kotlin-gradle-plugin-model/2.0.21/kotlin-gradle-plugin-model-2.0.21.module to /Users/jendrik/projects/gradle/howto/javarcade/docs/presentation/src/main/assets/work/home/.gradle/.tmp/gradle_download56336371963087319bin
Downloading https://plugins.gradle.org/m2/org/jetbrains/kotlin/kotlin-gradle-plugin-idea-proto/2.0.21/kotlin-gradle-plugin-idea-proto-2.0.21.pom to /Users/jendrik/projects/gradle/howto/javarcade/docs/presentation/src/main/assets/work/home/.gradle/.tmp/gradle_download9927740694450173101bin
Downloading https://plugins.gradle.org/m2/org/jetbrains/kotlin/kotlin-gradle-plugin-idea/2.0.21/kotlin-gradle-plugin-idea-2.0.21.module to /Users/jendrik/projects/gradle/howto/javarcade/docs/presentation/src/main/assets/work/home/.gradle/.tmp/gradle_download1991340831513703509bin
Downloading https://plugins.gradle.org/m2/org/jetbrains/kotlin/kotlin-gradle-plugin-annotations/2.0.21/kotlin-gradle-plugin-annotations-2.0.21.pom to /Users/jendrik/projects/gradle/howto/javarcade/docs/presentation/src/main/assets/work/home/.gradle/.tmp/gradle_download3109037794179894192bin
Downloading https://plugins.gradle.org/m2/org/jetbrains/kotlin/kotlin-tooling-core/2.0.21/kotlin-tooling-core-2.0.21.pom to /Users/jendrik/projects/gradle/howto/javarcade/docs/presentation/src/main/assets/work/home/.gradle/.tmp/gradle_download4043258060343479227bin
Downloading https://plugins.gradle.org/m2/org/jetbrains/kotlin/kotlin-native-utils/2.0.21/kotlin-native-utils-2.0.21.pom to /Users/jendrik/projects/gradle/howto/javarcade/docs/presentation/src/main/assets/work/home/.gradle/.tmp/gradle_download119907003602443719bin
Downloading https://plugins.gradle.org/m2/org/jetbrains/annotations/13.0/annotations-13.0.pom to /Users/jendrik/projects/gradle/howto/javarcade/docs/presentation/src/main/assets/work/home/.gradle/.tmp/gradle_download2625273766144190640bin
Downloading https://plugins.gradle.org/m2/com/google/code/gson/gson/2.8.9/gson-2.8.9.pom to /Users/jendrik/projects/gradle/howto/javarcade/docs/presentation/src/main/assets/work/home/.gradle/.tmp/gradle_download237139532241999263bin
Downloading https://plugins.gradle.org/m2/com/google/code/gson/gson-parent/2.8.9/gson-parent-2.8.9.pom to /Users/jendrik/projects/gradle/howto/javarcade/docs/presentation/src/main/assets/work/home/.gradle/.tmp/gradle_download80756984304466952bin
Downloading https://plugins.gradle.org/m2/org/sonatype/oss/oss-parent/7/oss-parent-7.pom to /Users/jendrik/projects/gradle/howto/javarcade/docs/presentation/src/main/assets/work/home/.gradle/.tmp/gradle_download13425009475482887692bin
Downloading https://plugins.gradle.org/m2/org/jetbrains/kotlin/kotlin-daemon-client/2.0.21/kotlin-daemon-client-2.0.21.pom to /Users/jendrik/projects/gradle/howto/javarcade/docs/presentation/src/main/assets/work/home/.gradle/.tmp/gradle_download18263489182760112176bin
Downloading https://plugins.gradle.org/m2/org/jetbrains/kotlinx/kotlinx-coroutines-core-jvm/1.6.4/kotlinx-coroutines-core-jvm-1.6.4.pom to /Users/jendrik/projects/gradle/howto/javarcade/docs/presentation/src/main/assets/work/home/.gradle/.tmp/gradle_download13607915092280473461bin
Downloading https://plugins.gradle.org/m2/org/jetbrains/kotlinx/kotlinx-coroutines-bom/1.6.4/kotlinx-coroutines-bom-1.6.4.pom to /Users/jendrik/projects/gradle/howto/javarcade/docs/presentation/src/main/assets/work/home/.gradle/.tmp/gradle_download15086625851749603385bin
Downloading https://plugins.gradle.org/m2/org/jetbrains/kotlinx/kotlinx-coroutines-core-jvm/1.6.4/kotlinx-coroutines-core-jvm-1.6.4.module to /Users/jendrik/projects/gradle/howto/javarcade/docs/presentation/src/main/assets/work/home/.gradle/.tmp/gradle_download8401539886592102772bin
Downloading https://plugins.gradle.org/m2/org/jetbrains/kotlin/kotlin-util-io/2.0.21/kotlin-util-io-2.0.21.pom to /Users/jendrik/projects/gradle/howto/javarcade/docs/presentation/src/main/assets/work/home/.gradle/.tmp/gradle_download15825572207848425772bin
Downloading https://plugins.gradle.org/m2/org/jetbrains/kotlin/kotlin-daemon-embeddable/2.0.21/kotlin-daemon-embeddable-2.0.21.pom to /Users/jendrik/projects/gradle/howto/javarcade/docs/presentation/src/main/assets/work/home/.gradle/.tmp/gradle_download18383302509033089328bin
Downloading https://plugins.gradle.org/m2/org/jetbrains/intellij/deps/trove4j/1.0.20200330/trove4j-1.0.20200330.pom to /Users/jendrik/projects/gradle/howto/javarcade/docs/presentation/src/main/assets/work/home/.gradle/.tmp/gradle_download14241477974981698283bin
Downloading https://plugins.gradle.org/m2/org/jetbrains/annotations/13.0/annotations-13.0.jar to /Users/jendrik/projects/gradle/howto/javarcade/docs/presentation/src/main/assets/work/home/.gradle/.tmp/gradle_download16271417747236386671bin
Downloading https://plugins.gradle.org/m2/org/jetbrains/kotlin/kotlin-gradle-plugin-model/2.0.21/kotlin-gradle-plugin-model-2.0.21.jar to /Users/jendrik/projects/gradle/howto/javarcade/docs/presentation/src/main/assets/work/home/.gradle/.tmp/gradle_download6598293893123553761bin
Downloading https://plugins.gradle.org/m2/org/jetbrains/kotlin/kotlin-stdlib/2.0.21/kotlin-stdlib-2.0.21.jar to /Users/jendrik/projects/gradle/howto/javarcade/docs/presentation/src/main/assets/work/home/.gradle/.tmp/gradle_download1041882463299590201bin
Downloading https://plugins.gradle.org/m2/org/jetbrains/kotlin/kotlin-gradle-plugin-api/2.0.21/kotlin-gradle-plugin-api-2.0.21.jar to /Users/jendrik/projects/gradle/howto/javarcade/docs/presentation/src/main/assets/work/home/.gradle/.tmp/gradle_download1712044357675543709bin
Downloading https://plugins.gradle.org/m2/org/jetbrains/kotlin/kotlin-gradle-plugin-api/2.0.21/kotlin-gradle-plugin-api-2.0.21-gradle85.jar to /Users/jendrik/projects/gradle/howto/javarcade/docs/presentation/src/main/assets/work/home/.gradle/.tmp/gradle_download4480115008269807728bin
Downloading https://plugins.gradle.org/m2/org/gradle/kotlin/gradle-kotlin-dsl-plugins/5.2.0/gradle-kotlin-dsl-plugins-5.2.0.jar to /Users/jendrik/projects/gradle/howto/javarcade/docs/presentation/src/main/assets/work/home/.gradle/.tmp/gradle_download15260968063235828163bin
Downloading https://plugins.gradle.org/m2/org/jetbrains/kotlin/kotlin-sam-with-receiver/2.0.21/kotlin-sam-with-receiver-2.0.21-gradle85.jar to /Users/jendrik/projects/gradle/howto/javarcade/docs/presentation/src/main/assets/work/home/.gradle/.tmp/gradle_download16211054672025323561bin
Downloading https://plugins.gradle.org/m2/org/jetbrains/kotlin/kotlin-assignment/2.0.21/kotlin-assignment-2.0.21-gradle85.jar to /Users/jendrik/projects/gradle/howto/javarcade/docs/presentation/src/main/assets/work/home/.gradle/.tmp/gradle_download3284953039241607168bin
Downloading https://plugins.gradle.org/m2/org/jetbrains/kotlin/kotlin-gradle-plugin-idea-proto/2.0.21/kotlin-gradle-plugin-idea-proto-2.0.21.jar to /Users/jendrik/projects/gradle/howto/javarcade/docs/presentation/src/main/assets/work/home/.gradle/.tmp/gradle_download3452482231133325350bin
Downloading https://plugins.gradle.org/m2/org/jetbrains/kotlin/kotlin-gradle-plugin-idea/2.0.21/kotlin-gradle-plugin-idea-2.0.21.jar to /Users/jendrik/projects/gradle/howto/javarcade/docs/presentation/src/main/assets/work/home/.gradle/.tmp/gradle_download5141933113109166810bin
Downloading https://plugins.gradle.org/m2/org/jetbrains/kotlin/kotlin-gradle-plugin/2.0.21/kotlin-gradle-plugin-2.0.21-gradle85.jar to /Users/jendrik/projects/gradle/howto/javarcade/docs/presentation/src/main/assets/work/home/.gradle/.tmp/gradle_download5820223808858105545bin
Downloading https://plugins.gradle.org/m2/org/jetbrains/kotlin/kotlin-build-tools-api/2.0.21/kotlin-build-tools-api-2.0.21.jar to /Users/jendrik/projects/gradle/howto/javarcade/docs/presentation/src/main/assets/work/home/.gradle/.tmp/gradle_download6112276356909617722bin
Downloading https://plugins.gradle.org/m2/org/jetbrains/kotlin/kotlin-compiler-runner/2.0.21/kotlin-compiler-runner-2.0.21.jar to /Users/jendrik/projects/gradle/howto/javarcade/docs/presentation/src/main/assets/work/home/.gradle/.tmp/gradle_download1515015282515132995bin
Downloading https://plugins.gradle.org/m2/org/jetbrains/kotlin/kotlin-util-klib/2.0.21/kotlin-util-klib-2.0.21.jar to /Users/jendrik/projects/gradle/howto/javarcade/docs/presentation/src/main/assets/work/home/.gradle/.tmp/gradle_download5625279705461283514bin
Downloading https://plugins.gradle.org/m2/org/jetbrains/kotlin/kotlin-native-utils/2.0.21/kotlin-native-utils-2.0.21.jar to /Users/jendrik/projects/gradle/howto/javarcade/docs/presentation/src/main/assets/work/home/.gradle/.tmp/gradle_download14862785635174203594bin
Downloading https://plugins.gradle.org/m2/org/jetbrains/kotlin/kotlin-klib-commonizer-api/2.0.21/kotlin-klib-commonizer-api-2.0.21.jar to /Users/jendrik/projects/gradle/howto/javarcade/docs/presentation/src/main/assets/work/home/.gradle/.tmp/gradle_download12511103252550884250bin
Downloading https://plugins.gradle.org/m2/org/jetbrains/kotlin/kotlin-build-statistics/2.0.21/kotlin-build-statistics-2.0.21.jar to /Users/jendrik/projects/gradle/howto/javarcade/docs/presentation/src/main/assets/work/home/.gradle/.tmp/gradle_download4740066287980466481bin
Downloading https://plugins.gradle.org/m2/org/jetbrains/kotlin/kotlin-gradle-plugin-annotations/2.0.21/kotlin-gradle-plugin-annotations-2.0.21.jar to /Users/jendrik/projects/gradle/howto/javarcade/docs/presentation/src/main/assets/work/home/.gradle/.tmp/gradle_download9872429970406044919bin
Downloading https://plugins.gradle.org/m2/org/jetbrains/kotlin/kotlin-compiler-embeddable/2.0.21/kotlin-compiler-embeddable-2.0.21.jar to /Users/jendrik/projects/gradle/howto/javarcade/docs/presentation/src/main/assets/work/home/.gradle/.tmp/gradle_download6021014875410623963bin
Downloading https://plugins.gradle.org/m2/org/jetbrains/kotlin/kotlin-daemon-client/2.0.21/kotlin-daemon-client-2.0.21.jar to /Users/jendrik/projects/gradle/howto/javarcade/docs/presentation/src/main/assets/work/home/.gradle/.tmp/gradle_download10340449525726638176bin
Downloading https://plugins.gradle.org/m2/org/jetbrains/kotlin/kotlin-tooling-core/2.0.21/kotlin-tooling-core-2.0.21.jar to /Users/jendrik/projects/gradle/howto/javarcade/docs/presentation/src/main/assets/work/home/.gradle/.tmp/gradle_download1179164913622485301bin
Downloading https://plugins.gradle.org/m2/org/jetbrains/kotlinx/kotlinx-coroutines-core-jvm/1.6.4/kotlinx-coroutines-core-jvm-1.6.4.jar to /Users/jendrik/projects/gradle/howto/javarcade/docs/presentation/src/main/assets/work/home/.gradle/.tmp/gradle_download4142173007250024672bin
Downloading https://plugins.gradle.org/m2/org/jetbrains/kotlin/kotlin-util-io/2.0.21/kotlin-util-io-2.0.21.jar to /Users/jendrik/projects/gradle/howto/javarcade/docs/presentation/src/main/assets/work/home/.gradle/.tmp/gradle_download1612749356136661110bin
Downloading https://plugins.gradle.org/m2/org/jetbrains/kotlin/kotlin-daemon-embeddable/2.0.21/kotlin-daemon-embeddable-2.0.21.jar to /Users/jendrik/projects/gradle/howto/javarcade/docs/presentation/src/main/assets/work/home/.gradle/.tmp/gradle_download13466978579430320237bin
Downloading https://plugins.gradle.org/m2/org/jetbrains/intellij/deps/trove4j/1.0.20200330/trove4j-1.0.20200330.jar to /Users/jendrik/projects/gradle/howto/javarcade/docs/presentation/src/main/assets/work/home/.gradle/.tmp/gradle_download3196207046024741299bin
Downloading https://plugins.gradle.org/m2/com/google/code/gson/gson/2.8.9/gson-2.8.9.jar to /Users/jendrik/projects/gradle/howto/javarcade/docs/presentation/src/main/assets/work/home/.gradle/.tmp/gradle_download3512528775057649748bin
Downloading https://plugins.gradle.org/m2/org/gradlex/java-module-dependencies/org.gradlex.java-module-dependencies.gradle.plugin/1.9/org.gradlex.java-module-dependencies.gradle.plugin-1.9.pom to /Users/jendrik/projects/gradle/howto/javarcade/docs/presentation/src/main/assets/work/home/.gradle/.tmp/gradle_download11571298284387125277bin
Downloading https://plugins.gradle.org/m2/com/autonomousapps/build-health/com.autonomousapps.build-health.gradle.plugin/2.18.0/com.autonomousapps.build-health.gradle.plugin-2.18.0.pom to /Users/jendrik/projects/gradle/howto/javarcade/docs/presentation/src/main/assets/work/home/.gradle/.tmp/gradle_download17667646002126557089bin
Downloading https://plugins.gradle.org/m2/org/gradlex/java-module-dependencies/1.9/java-module-dependencies-1.9.pom to /Users/jendrik/projects/gradle/howto/javarcade/docs/presentation/src/main/assets/work/home/.gradle/.tmp/gradle_download2669813387546071151bin
Downloading https://plugins.gradle.org/m2/org/gradlex/java-module-dependencies/1.9/java-module-dependencies-1.9.module to /Users/jendrik/projects/gradle/howto/javarcade/docs/presentation/src/main/assets/work/home/.gradle/.tmp/gradle_download12985497323596472149bin
Downloading https://plugins.gradle.org/m2/com/autonomousapps/dependency-analysis-gradle-plugin/2.18.0/dependency-analysis-gradle-plugin-2.18.0.pom to /Users/jendrik/projects/gradle/howto/javarcade/docs/presentation/src/main/assets/work/home/.gradle/.tmp/gradle_download8362877499686351558bin
Downloading https://plugins.gradle.org/m2/org/jetbrains/kotlin/kotlin-bom/2.0.21/kotlin-bom-2.0.21.pom to /Users/jendrik/projects/gradle/howto/javarcade/docs/presentation/src/main/assets/work/home/.gradle/.tmp/gradle_download12817311233528570627bin
Downloading https://plugins.gradle.org/m2/com/squareup/okio/okio-bom/3.9.0/okio-bom-3.9.0.pom to /Users/jendrik/projects/gradle/howto/javarcade/docs/presentation/src/main/assets/work/home/.gradle/.tmp/gradle_download11844543833419555243bin
Downloading https://plugins.gradle.org/m2/com/squareup/okio/okio-bom/3.9.0/okio-bom-3.9.0.module to /Users/jendrik/projects/gradle/howto/javarcade/docs/presentation/src/main/assets/work/home/.gradle/.tmp/gradle_download16259355861723324510bin
Downloading https://plugins.gradle.org/m2/com/autonomousapps/dependency-analysis-gradle-plugin/2.18.0/dependency-analysis-gradle-plugin-2.18.0.module to /Users/jendrik/projects/gradle/howto/javarcade/docs/presentation/src/main/assets/work/home/.gradle/.tmp/gradle_download9127615072185933482bin
Downloading https://plugins.gradle.org/m2/org/ow2/asm/asm/9.8/asm-9.8.pom to /Users/jendrik/projects/gradle/howto/javarcade/docs/presentation/src/main/assets/work/home/.gradle/.tmp/gradle_download11724848693673233018bin
Downloading https://plugins.gradle.org/m2/org/ow2/ow2/1.5.1/ow2-1.5.1.pom to /Users/jendrik/projects/gradle/howto/javarcade/docs/presentation/src/main/assets/work/home/.gradle/.tmp/gradle_download9017578685774466201bin
Downloading https://plugins.gradle.org/m2/com/autonomousapps/graph-support/0.6/graph-support-0.6.pom to /Users/jendrik/projects/gradle/howto/javarcade/docs/presentation/src/main/assets/work/home/.gradle/.tmp/gradle_download14134326601174415533bin
Downloading https://plugins.gradle.org/m2/com/squareup/moshi/moshi-kotlin/1.15.1/moshi-kotlin-1.15.1.pom to /Users/jendrik/projects/gradle/howto/javarcade/docs/presentation/src/main/assets/work/home/.gradle/.tmp/gradle_download12808242199542191376bin
Downloading https://plugins.gradle.org/m2/dev/zacsweers/moshix/moshi-sealed-reflect/0.25.1/moshi-sealed-reflect-0.25.1.pom to /Users/jendrik/projects/gradle/howto/javarcade/docs/presentation/src/main/assets/work/home/.gradle/.tmp/gradle_download6714675474912837753bin
Downloading https://plugins.gradle.org/m2/com/google/guava/guava/33.3.1-jre/guava-33.3.1-jre.pom to /Users/jendrik/projects/gradle/howto/javarcade/docs/presentation/src/main/assets/work/home/.gradle/.tmp/gradle_download1627869903123933838bin
Downloading https://plugins.gradle.org/m2/org/jetbrains/kotlin/kotlin-stdlib-jdk8/2.0.21/kotlin-stdlib-jdk8-2.0.21.pom to /Users/jendrik/projects/gradle/howto/javarcade/docs/presentation/src/main/assets/work/home/.gradle/.tmp/gradle_download4272428289727594173bin
Downloading https://plugins.gradle.org/m2/org/jetbrains/kotlin/kotlin-metadata-jvm/2.0.21/kotlin-metadata-jvm-2.0.21.pom to /Users/jendrik/projects/gradle/howto/javarcade/docs/presentation/src/main/assets/work/home/.gradle/.tmp/gradle_download9506138502069194204bin
Downloading https://plugins.gradle.org/m2/com/squareup/moshi/moshi-kotlin/1.15.1/moshi-kotlin-1.15.1.module to /Users/jendrik/projects/gradle/howto/javarcade/docs/presentation/src/main/assets/work/home/.gradle/.tmp/gradle_download8218916151163836754bin
Downloading https://plugins.gradle.org/m2/com/squareup/okio/okio/3.9.0/okio-3.9.0.pom to /Users/jendrik/projects/gradle/howto/javarcade/docs/presentation/src/main/assets/work/home/.gradle/.tmp/gradle_download7907961571728280041bin
Downloading https://plugins.gradle.org/m2/com/autonomousapps/graph-support/0.6/graph-support-0.6.module to /Users/jendrik/projects/gradle/howto/javarcade/docs/presentation/src/main/assets/work/home/.gradle/.tmp/gradle_download16558038857902593143bin
Downloading https://plugins.gradle.org/m2/com/autonomousapps/antlr/4.13.2.0/antlr-4.13.2.0.pom to /Users/jendrik/projects/gradle/howto/javarcade/docs/presentation/src/main/assets/work/home/.gradle/.tmp/gradle_download11060502786821057534bin
Downloading https://plugins.gradle.org/m2/com/autonomousapps/kotlin-editor-relocated/0.18.0/kotlin-editor-relocated-0.18.0.pom to /Users/jendrik/projects/gradle/howto/javarcade/docs/presentation/src/main/assets/work/home/.gradle/.tmp/gradle_download12850757585976208009bin
Downloading https://plugins.gradle.org/m2/com/github/ben-manes/caffeine/caffeine/3.1.8/caffeine-3.1.8.pom to /Users/jendrik/projects/gradle/howto/javarcade/docs/presentation/src/main/assets/work/home/.gradle/.tmp/gradle_download14473349047414757080bin
Downloading https://plugins.gradle.org/m2/com/autonomousapps/asm-relocated/9.7.1.0/asm-relocated-9.7.1.0.pom to /Users/jendrik/projects/gradle/howto/javarcade/docs/presentation/src/main/assets/work/home/.gradle/.tmp/gradle_download16085038770200305461bin
Downloading https://plugins.gradle.org/m2/com/google/guava/guava-parent/33.3.1-jre/guava-parent-33.3.1-jre.pom to /Users/jendrik/projects/gradle/howto/javarcade/docs/presentation/src/main/assets/work/home/.gradle/.tmp/gradle_download1529087163890225851bin
Downloading https://plugins.gradle.org/m2/dev/zacsweers/moshix/moshi-sealed-reflect/0.25.1/moshi-sealed-reflect-0.25.1.module to /Users/jendrik/projects/gradle/howto/javarcade/docs/presentation/src/main/assets/work/home/.gradle/.tmp/gradle_download4675869435086878007bin
Downloading https://plugins.gradle.org/m2/com/squareup/okio/okio/3.9.0/okio-3.9.0.module to /Users/jendrik/projects/gradle/howto/javarcade/docs/presentation/src/main/assets/work/home/.gradle/.tmp/gradle_download2667443769004702417bin
Downloading https://plugins.gradle.org/m2/javax/inject/javax.inject/1/javax.inject-1.pom to /Users/jendrik/projects/gradle/howto/javarcade/docs/presentation/src/main/assets/work/home/.gradle/.tmp/gradle_download17118315811094037257bin
Downloading https://plugins.gradle.org/m2/com/autonomousapps/antlr/4.13.2.0/antlr-4.13.2.0.module to /Users/jendrik/projects/gradle/howto/javarcade/docs/presentation/src/main/assets/work/home/.gradle/.tmp/gradle_download7224374879804120549bin
Downloading https://plugins.gradle.org/m2/com/github/ben-manes/caffeine/caffeine/3.1.8/caffeine-3.1.8.module to /Users/jendrik/projects/gradle/howto/javarcade/docs/presentation/src/main/assets/work/home/.gradle/.tmp/gradle_download4937409329880949667bin
Downloading https://plugins.gradle.org/m2/com/squareup/moshi/moshi/1.15.1/moshi-1.15.1.pom to /Users/jendrik/projects/gradle/howto/javarcade/docs/presentation/src/main/assets/work/home/.gradle/.tmp/gradle_download11672638330847146911bin
Downloading https://plugins.gradle.org/m2/dev/zacsweers/moshix/moshi-sealed-runtime/0.25.1/moshi-sealed-runtime-0.25.1.pom to /Users/jendrik/projects/gradle/howto/javarcade/docs/presentation/src/main/assets/work/home/.gradle/.tmp/gradle_download6566058020639814027bin
Downloading https://plugins.gradle.org/m2/com/autonomousapps/kotlin-editor-relocated/0.18.0/kotlin-editor-relocated-0.18.0.module to /Users/jendrik/projects/gradle/howto/javarcade/docs/presentation/src/main/assets/work/home/.gradle/.tmp/gradle_download8299188744289523606bin
Downloading https://plugins.gradle.org/m2/com/autonomousapps/asm-relocated/9.7.1.0/asm-relocated-9.7.1.0.module to /Users/jendrik/projects/gradle/howto/javarcade/docs/presentation/src/main/assets/work/home/.gradle/.tmp/gradle_download7866304257082363185bin
Downloading https://plugins.gradle.org/m2/com/google/guava/guava/33.3.1-jre/guava-33.3.1-jre.module to /Users/jendrik/projects/gradle/howto/javarcade/docs/presentation/src/main/assets/work/home/.gradle/.tmp/gradle_download13121723618756632052bin
Downloading https://plugins.gradle.org/m2/dev/zacsweers/moshix/moshi-sealed-runtime/0.25.1/moshi-sealed-runtime-0.25.1.module to /Users/jendrik/projects/gradle/howto/javarcade/docs/presentation/src/main/assets/work/home/.gradle/.tmp/gradle_download2547308802399199743bin
Downloading https://plugins.gradle.org/m2/com/squareup/moshi/moshi/1.15.1/moshi-1.15.1.module to /Users/jendrik/projects/gradle/howto/javarcade/docs/presentation/src/main/assets/work/home/.gradle/.tmp/gradle_download12300147002904696002bin
Downloading https://plugins.gradle.org/m2/org/jetbrains/kotlin/kotlin-reflect/2.0.21/kotlin-reflect-2.0.21.pom to /Users/jendrik/projects/gradle/howto/javarcade/docs/presentation/src/main/assets/work/home/.gradle/.tmp/gradle_download15287097292574915890bin
Downloading https://plugins.gradle.org/m2/com/google/guava/failureaccess/1.0.2/failureaccess-1.0.2.pom to /Users/jendrik/projects/gradle/howto/javarcade/docs/presentation/src/main/assets/work/home/.gradle/.tmp/gradle_download6638982978790387861bin
Downloading https://plugins.gradle.org/m2/com/google/guava/listenablefuture/9999.0-empty-to-avoid-conflict-with-guava/listenablefuture-9999.0-empty-to-avoid-conflict-with-guava.pom to /Users/jendrik/projects/gradle/howto/javarcade/docs/presentation/src/main/assets/work/home/.gradle/.tmp/gradle_download17499878414400596684bin
Downloading https://plugins.gradle.org/m2/com/google/j2objc/j2objc-annotations/3.0.0/j2objc-annotations-3.0.0.pom to /Users/jendrik/projects/gradle/howto/javarcade/docs/presentation/src/main/assets/work/home/.gradle/.tmp/gradle_download5294552186417723296bin
Downloading https://plugins.gradle.org/m2/org/checkerframework/checker-qual/3.43.0/checker-qual-3.43.0.pom to /Users/jendrik/projects/gradle/howto/javarcade/docs/presentation/src/main/assets/work/home/.gradle/.tmp/gradle_download17284757240240791407bin
Downloading https://plugins.gradle.org/m2/com/google/code/findbugs/jsr305/3.0.2/jsr305-3.0.2.pom to /Users/jendrik/projects/gradle/howto/javarcade/docs/presentation/src/main/assets/work/home/.gradle/.tmp/gradle_download6787276111583519339bin
Downloading https://plugins.gradle.org/m2/com/google/errorprone/error_prone_annotations/2.28.0/error_prone_annotations-2.28.0.pom to /Users/jendrik/projects/gradle/howto/javarcade/docs/presentation/src/main/assets/work/home/.gradle/.tmp/gradle_download17627494131059146954bin
Downloading https://plugins.gradle.org/m2/com/google/guava/guava-parent/26.0-android/guava-parent-26.0-android.pom to /Users/jendrik/projects/gradle/howto/javarcade/docs/presentation/src/main/assets/work/home/.gradle/.tmp/gradle_download16747537647033594264bin
Downloading https://plugins.gradle.org/m2/org/checkerframework/checker-qual/3.43.0/checker-qual-3.43.0.module to /Users/jendrik/projects/gradle/howto/javarcade/docs/presentation/src/main/assets/work/home/.gradle/.tmp/gradle_download15527186799465878017bin
Downloading https://plugins.gradle.org/m2/com/google/errorprone/error_prone_parent/2.28.0/error_prone_parent-2.28.0.pom to /Users/jendrik/projects/gradle/howto/javarcade/docs/presentation/src/main/assets/work/home/.gradle/.tmp/gradle_download2832796629630232683bin
Downloading https://plugins.gradle.org/m2/org/sonatype/oss/oss-parent/9/oss-parent-9.pom to /Users/jendrik/projects/gradle/howto/javarcade/docs/presentation/src/main/assets/work/home/.gradle/.tmp/gradle_download17760597710221723806bin
Downloading https://plugins.gradle.org/m2/org/jetbrains/kotlin/kotlin-stdlib-jdk7/2.0.21/kotlin-stdlib-jdk7-2.0.21.pom to /Users/jendrik/projects/gradle/howto/javarcade/docs/presentation/src/main/assets/work/home/.gradle/.tmp/gradle_download15611736309044853538bin
Downloading https://plugins.gradle.org/m2/com/squareup/moshi/moshi-adapters/1.15.0/moshi-adapters-1.15.0.pom to /Users/jendrik/projects/gradle/howto/javarcade/docs/presentation/src/main/assets/work/home/.gradle/.tmp/gradle_download3815020197161987085bin
Downloading https://plugins.gradle.org/m2/com/squareup/kotlinpoet/1.15.1/kotlinpoet-1.15.1.pom to /Users/jendrik/projects/gradle/howto/javarcade/docs/presentation/src/main/assets/work/home/.gradle/.tmp/gradle_download665050866202016869bin
Downloading https://plugins.gradle.org/m2/com/squareup/kotlinpoet/1.15.1/kotlinpoet-1.15.1.module to /Users/jendrik/projects/gradle/howto/javarcade/docs/presentation/src/main/assets/work/home/.gradle/.tmp/gradle_download7689180061780009968bin
Downloading https://plugins.gradle.org/m2/com/squareup/moshi/moshi-adapters/1.15.0/moshi-adapters-1.15.0.module to /Users/jendrik/projects/gradle/howto/javarcade/docs/presentation/src/main/assets/work/home/.gradle/.tmp/gradle_download4047284422284884806bin
Downloading https://plugins.gradle.org/m2/com/squareup/okio/okio-jvm/3.9.0/okio-jvm-3.9.0.pom to /Users/jendrik/projects/gradle/howto/javarcade/docs/presentation/src/main/assets/work/home/.gradle/.tmp/gradle_download13281710531819849002bin
Downloading https://plugins.gradle.org/m2/com/squareup/okio/okio-jvm/3.9.0/okio-jvm-3.9.0.module to /Users/jendrik/projects/gradle/howto/javarcade/docs/presentation/src/main/assets/work/home/.gradle/.tmp/gradle_download12855053341118561373bin
Downloading https://plugins.gradle.org/m2/com/squareup/kotlinpoet-jvm/1.15.1/kotlinpoet-jvm-1.15.1.pom to /Users/jendrik/projects/gradle/howto/javarcade/docs/presentation/src/main/assets/work/home/.gradle/.tmp/gradle_download8847787521365941002bin
Downloading https://plugins.gradle.org/m2/com/squareup/kotlinpoet-jvm/1.15.1/kotlinpoet-jvm-1.15.1.module to /Users/jendrik/projects/gradle/howto/javarcade/docs/presentation/src/main/assets/work/home/.gradle/.tmp/gradle_download14855433523523668946bin
Downloading https://plugins.gradle.org/m2/dev/zacsweers/moshix/moshi-sealed-runtime/0.25.1/moshi-sealed-runtime-0.25.1.jar to /Users/jendrik/projects/gradle/howto/javarcade/docs/presentation/src/main/assets/work/home/.gradle/.tmp/gradle_download15691387436353431941bin
Downloading https://plugins.gradle.org/m2/org/jetbrains/kotlin/kotlin-stdlib-jdk8/2.0.21/kotlin-stdlib-jdk8-2.0.21.jar to /Users/jendrik/projects/gradle/howto/javarcade/docs/presentation/src/main/assets/work/home/.gradle/.tmp/gradle_download18223513458803597528bin
Downloading https://plugins.gradle.org/m2/com/squareup/moshi/moshi-adapters/1.15.0/moshi-adapters-1.15.0.jar to /Users/jendrik/projects/gradle/howto/javarcade/docs/presentation/src/main/assets/work/home/.gradle/.tmp/gradle_download6494028531428082844bin
Downloading https://plugins.gradle.org/m2/com/autonomousapps/graph-support/0.6/graph-support-0.6.jar to /Users/jendrik/projects/gradle/howto/javarcade/docs/presentation/src/main/assets/work/home/.gradle/.tmp/gradle_download13092597001062839884bin
Downloading https://plugins.gradle.org/m2/dev/zacsweers/moshix/moshi-sealed-reflect/0.25.1/moshi-sealed-reflect-0.25.1.jar to /Users/jendrik/projects/gradle/howto/javarcade/docs/presentation/src/main/assets/work/home/.gradle/.tmp/gradle_download14393016951447108454bin
Downloading https://plugins.gradle.org/m2/com/squareup/moshi/moshi-kotlin/1.15.1/moshi-kotlin-1.15.1.jar to /Users/jendrik/projects/gradle/howto/javarcade/docs/presentation/src/main/assets/work/home/.gradle/.tmp/gradle_download4044549758910146990bin
Downloading https://plugins.gradle.org/m2/org/jetbrains/kotlin/kotlin-metadata-jvm/2.0.21/kotlin-metadata-jvm-2.0.21.jar to /Users/jendrik/projects/gradle/howto/javarcade/docs/presentation/src/main/assets/work/home/.gradle/.tmp/gradle_download15029805836581545617bin
Downloading https://plugins.gradle.org/m2/com/squareup/kotlinpoet-jvm/1.15.1/kotlinpoet-jvm-1.15.1.jar to /Users/jendrik/projects/gradle/howto/javarcade/docs/presentation/src/main/assets/work/home/.gradle/.tmp/gradle_download2956887765389205853bin
Downloading https://plugins.gradle.org/m2/com/squareup/moshi/moshi/1.15.1/moshi-1.15.1.jar to /Users/jendrik/projects/gradle/howto/javarcade/docs/presentation/src/main/assets/work/home/.gradle/.tmp/gradle_download8043608148443415574bin
Downloading https://plugins.gradle.org/m2/org/jetbrains/kotlin/kotlin-stdlib-jdk7/2.0.21/kotlin-stdlib-jdk7-2.0.21.jar to /Users/jendrik/projects/gradle/howto/javarcade/docs/presentation/src/main/assets/work/home/.gradle/.tmp/gradle_download9402368553422532188bin
Downloading https://plugins.gradle.org/m2/org/jetbrains/kotlin/kotlin-reflect/2.0.21/kotlin-reflect-2.0.21.jar to /Users/jendrik/projects/gradle/howto/javarcade/docs/presentation/src/main/assets/work/home/.gradle/.tmp/gradle_download17917636473527328358bin
Downloading https://plugins.gradle.org/m2/com/squareup/okio/okio-jvm/3.9.0/okio-jvm-3.9.0.jar to /Users/jendrik/projects/gradle/howto/javarcade/docs/presentation/src/main/assets/work/home/.gradle/.tmp/gradle_download10105458407391775273bin
Downloading https://plugins.gradle.org/m2/com/autonomousapps/dependency-analysis-gradle-plugin/2.18.0/dependency-analysis-gradle-plugin-2.18.0.jar to /Users/jendrik/projects/gradle/howto/javarcade/docs/presentation/src/main/assets/work/home/.gradle/.tmp/gradle_download3614037695912886217bin
Downloading https://plugins.gradle.org/m2/com/google/guava/guava/33.3.1-jre/guava-33.3.1-jre.jar to /Users/jendrik/projects/gradle/howto/javarcade/docs/presentation/src/main/assets/work/home/.gradle/.tmp/gradle_download17563906284805804107bin
Downloading https://plugins.gradle.org/m2/org/ow2/asm/asm/9.8/asm-9.8.jar to /Users/jendrik/projects/gradle/howto/javarcade/docs/presentation/src/main/assets/work/home/.gradle/.tmp/gradle_download10142162613416893310bin
Downloading https://plugins.gradle.org/m2/com/autonomousapps/kotlin-editor-relocated/0.18.0/kotlin-editor-relocated-0.18.0.jar to /Users/jendrik/projects/gradle/howto/javarcade/docs/presentation/src/main/assets/work/home/.gradle/.tmp/gradle_download12738373408273290562bin
Downloading https://plugins.gradle.org/m2/com/github/ben-manes/caffeine/caffeine/3.1.8/caffeine-3.1.8.jar to /Users/jendrik/projects/gradle/howto/javarcade/docs/presentation/src/main/assets/work/home/.gradle/.tmp/gradle_download9113744016873370074bin
Downloading https://plugins.gradle.org/m2/com/autonomousapps/antlr/4.13.2.0/antlr-4.13.2.0.jar to /Users/jendrik/projects/gradle/howto/javarcade/docs/presentation/src/main/assets/work/home/.gradle/.tmp/gradle_download3658224509067774918bin
Downloading https://plugins.gradle.org/m2/javax/inject/javax.inject/1/javax.inject-1.jar to /Users/jendrik/projects/gradle/howto/javarcade/docs/presentation/src/main/assets/work/home/.gradle/.tmp/gradle_download14030714352777094791bin
Downloading https://plugins.gradle.org/m2/org/gradlex/java-module-dependencies/1.9/java-module-dependencies-1.9.jar to /Users/jendrik/projects/gradle/howto/javarcade/docs/presentation/src/main/assets/work/home/.gradle/.tmp/gradle_download12471571496659984413bin
Downloading https://plugins.gradle.org/m2/com/autonomousapps/asm-relocated/9.7.1.0/asm-relocated-9.7.1.0.jar to /Users/jendrik/projects/gradle/howto/javarcade/docs/presentation/src/main/assets/work/home/.gradle/.tmp/gradle_download386684251665513889bin
Downloading https://plugins.gradle.org/m2/com/google/guava/listenablefuture/9999.0-empty-to-avoid-conflict-with-guava/listenablefuture-9999.0-empty-to-avoid-conflict-with-guava.jar to /Users/jendrik/projects/gradle/howto/javarcade/docs/presentation/src/main/assets/work/home/.gradle/.tmp/gradle_download14330825368573825034bin
Downloading https://plugins.gradle.org/m2/com/google/code/findbugs/jsr305/3.0.2/jsr305-3.0.2.jar to /Users/jendrik/projects/gradle/howto/javarcade/docs/presentation/src/main/assets/work/home/.gradle/.tmp/gradle_download1637999498277211051bin
Downloading https://plugins.gradle.org/m2/org/checkerframework/checker-qual/3.43.0/checker-qual-3.43.0.jar to /Users/jendrik/projects/gradle/howto/javarcade/docs/presentation/src/main/assets/work/home/.gradle/.tmp/gradle_download3478185810963998872bin
Downloading https://plugins.gradle.org/m2/com/google/guava/failureaccess/1.0.2/failureaccess-1.0.2.jar to /Users/jendrik/projects/gradle/howto/javarcade/docs/presentation/src/main/assets/work/home/.gradle/.tmp/gradle_download16985650838197358517bin
Downloading https://plugins.gradle.org/m2/com/google/errorprone/error_prone_annotations/2.28.0/error_prone_annotations-2.28.0.jar to /Users/jendrik/projects/gradle/howto/javarcade/docs/presentation/src/main/assets/work/home/.gradle/.tmp/gradle_download10067664057700297268bin
Downloading https://plugins.gradle.org/m2/com/google/j2objc/j2objc-annotations/3.0.0/j2objc-annotations-3.0.0.jar to /Users/jendrik/projects/gradle/howto/javarcade/docs/presentation/src/main/assets/work/home/.gradle/.tmp/gradle_download1162066517229279374bin
Downloading https://plugins.gradle.org/m2/org/gradlex/jvm-dependency-conflict-resolution/2.3/jvm-dependency-conflict-resolution-2.3.pom to /Users/jendrik/projects/gradle/howto/javarcade/docs/presentation/src/main/assets/work/home/.gradle/.tmp/gradle_download1728514049112298949bin
Downloading https://plugins.gradle.org/m2/org/gradlex/jvm-dependency-conflict-resolution/2.3/jvm-dependency-conflict-resolution-2.3.module to /Users/jendrik/projects/gradle/howto/javarcade/docs/presentation/src/main/assets/work/home/.gradle/.tmp/gradle_download5957260548873913806bin
Downloading https://plugins.gradle.org/m2/org/gradlex/jvm-dependency-conflict-resolution/2.3/jvm-dependency-conflict-resolution-2.3.jar to /Users/jendrik/projects/gradle/howto/javarcade/docs/presentation/src/main/assets/work/home/.gradle/.tmp/gradle_download3853633942316528425bin
Downloading https://plugins.gradle.org/m2/org/jetbrains/kotlin/kotlin-build-tools-impl/2.0.21/kotlin-build-tools-impl-2.0.21.pom to /Users/jendrik/projects/gradle/howto/javarcade/docs/presentation/src/main/assets/work/home/.gradle/.tmp/gradle_download17011823087750088770bin
Downloading https://plugins.gradle.org/m2/org/jetbrains/kotlin/kotlin-scripting-compiler-embeddable/2.0.21/kotlin-scripting-compiler-embeddable-2.0.21.pom to /Users/jendrik/projects/gradle/howto/javarcade/docs/presentation/src/main/assets/work/home/.gradle/.tmp/gradle_download10815688295802684465bin
Downloading https://plugins.gradle.org/m2/org/jetbrains/kotlin/kotlin-scripting-compiler-impl-embeddable/2.0.21/kotlin-scripting-compiler-impl-embeddable-2.0.21.pom to /Users/jendrik/projects/gradle/howto/javarcade/docs/presentation/src/main/assets/work/home/.gradle/.tmp/gradle_download5337899065162921471bin
Downloading https://plugins.gradle.org/m2/org/jetbrains/kotlin/kotlin-script-runtime/2.0.21/kotlin-script-runtime-2.0.21.pom to /Users/jendrik/projects/gradle/howto/javarcade/docs/presentation/src/main/assets/work/home/.gradle/.tmp/gradle_download4799625824652442173bin
Downloading https://plugins.gradle.org/m2/org/jetbrains/kotlin/kotlin-reflect/1.6.10/kotlin-reflect-1.6.10.pom to /Users/jendrik/projects/gradle/howto/javarcade/docs/presentation/src/main/assets/work/home/.gradle/.tmp/gradle_download5035946254006390547bin
Downloading https://plugins.gradle.org/m2/org/jetbrains/kotlin/kotlin-build-common/2.0.21/kotlin-build-common-2.0.21.pom to /Users/jendrik/projects/gradle/howto/javarcade/docs/presentation/src/main/assets/work/home/.gradle/.tmp/gradle_download12726596112022022372bin
Downloading https://plugins.gradle.org/m2/org/jetbrains/kotlin/kotlin-scripting-jvm/2.0.21/kotlin-scripting-jvm-2.0.21.pom to /Users/jendrik/projects/gradle/howto/javarcade/docs/presentation/src/main/assets/work/home/.gradle/.tmp/gradle_download4074631112949479825bin
Downloading https://plugins.gradle.org/m2/org/jetbrains/kotlin/kotlin-scripting-common/2.0.21/kotlin-scripting-common-2.0.21.pom to /Users/jendrik/projects/gradle/howto/javarcade/docs/presentation/src/main/assets/work/home/.gradle/.tmp/gradle_download11133598458775987770bin
Downloading https://plugins.gradle.org/m2/org/jetbrains/kotlin/kotlin-scripting-jvm/2.0.21/kotlin-scripting-jvm-2.0.21.jar to /Users/jendrik/projects/gradle/howto/javarcade/docs/presentation/src/main/assets/work/home/.gradle/.tmp/gradle_download4863358846234487945bin
Downloading https://plugins.gradle.org/m2/org/jetbrains/kotlin/kotlin-script-runtime/2.0.21/kotlin-script-runtime-2.0.21.jar to /Users/jendrik/projects/gradle/howto/javarcade/docs/presentation/src/main/assets/work/home/.gradle/.tmp/gradle_download14072120547962976535bin
Downloading https://plugins.gradle.org/m2/org/jetbrains/kotlin/kotlin-scripting-common/2.0.21/kotlin-scripting-common-2.0.21.jar to /Users/jendrik/projects/gradle/howto/javarcade/docs/presentation/src/main/assets/work/home/.gradle/.tmp/gradle_download10184129444334291188bin
Downloading https://plugins.gradle.org/m2/org/jetbrains/kotlin/kotlin-build-common/2.0.21/kotlin-build-common-2.0.21.jar to /Users/jendrik/projects/gradle/howto/javarcade/docs/presentation/src/main/assets/work/home/.gradle/.tmp/gradle_download4611890976575613069bin
Downloading https://plugins.gradle.org/m2/org/jetbrains/kotlin/kotlin-build-tools-impl/2.0.21/kotlin-build-tools-impl-2.0.21.jar to /Users/jendrik/projects/gradle/howto/javarcade/docs/presentation/src/main/assets/work/home/.gradle/.tmp/gradle_download13369952786774666696bin
Downloading https://plugins.gradle.org/m2/org/jetbrains/kotlin/kotlin-reflect/1.6.10/kotlin-reflect-1.6.10.jar to /Users/jendrik/projects/gradle/howto/javarcade/docs/presentation/src/main/assets/work/home/.gradle/.tmp/gradle_download4980832644488212884bin
Downloading https://plugins.gradle.org/m2/org/jetbrains/kotlin/kotlin-scripting-compiler-impl-embeddable/2.0.21/kotlin-scripting-compiler-impl-embeddable-2.0.21.jar to /Users/jendrik/projects/gradle/howto/javarcade/docs/presentation/src/main/assets/work/home/.gradle/.tmp/gradle_download3088684225695886136bin
Downloading https://plugins.gradle.org/m2/org/jetbrains/kotlin/kotlin-scripting-compiler-embeddable/2.0.21/kotlin-scripting-compiler-embeddable-2.0.21.jar to /Users/jendrik/projects/gradle/howto/javarcade/docs/presentation/src/main/assets/work/home/.gradle/.tmp/gradle_download9000089523729669010bin
Downloading https://plugins.gradle.org/m2/org/jetbrains/kotlin/kotlin-assignment-compiler-plugin-embeddable/2.0.21/kotlin-assignment-compiler-plugin-embeddable-2.0.21.pom to /Users/jendrik/projects/gradle/howto/javarcade/docs/presentation/src/main/assets/work/home/.gradle/.tmp/gradle_download1479338277317118722bin
Downloading https://plugins.gradle.org/m2/org/jetbrains/kotlin/kotlin-sam-with-receiver-compiler-plugin-embeddable/2.0.21/kotlin-sam-with-receiver-compiler-plugin-embeddable-2.0.21.pom to /Users/jendrik/projects/gradle/howto/javarcade/docs/presentation/src/main/assets/work/home/.gradle/.tmp/gradle_download6688675401357876936bin
Downloading https://plugins.gradle.org/m2/org/jetbrains/kotlin/kotlin-assignment-compiler-plugin-embeddable/2.0.21/kotlin-assignment-compiler-plugin-embeddable-2.0.21.jar to /Users/jendrik/projects/gradle/howto/javarcade/docs/presentation/src/main/assets/work/home/.gradle/.tmp/gradle_download16936249336525696452bin
Downloading https://plugins.gradle.org/m2/org/jetbrains/kotlin/kotlin-sam-with-receiver-compiler-plugin-embeddable/2.0.21/kotlin-sam-with-receiver-compiler-plugin-embeddable-2.0.21.jar to /Users/jendrik/projects/gradle/howto/javarcade/docs/presentation/src/main/assets/work/home/.gradle/.tmp/gradle_download11359281536941284177bin
Downloading https://repo.maven.apache.org/maven2/org/lwjgl/lwjgl-bom/3.3.6/lwjgl-bom-3.3.6.pom to /Users/jendrik/projects/gradle/howto/javarcade/docs/presentation/src/main/assets/work/home/.gradle/.tmp/gradle_download10193436568210356095bin
Downloading https://repo.maven.apache.org/maven2/org/slf4j/slf4j-bom/2.0.17/slf4j-bom-2.0.17.pom to /Users/jendrik/projects/gradle/howto/javarcade/docs/presentation/src/main/assets/work/home/.gradle/.tmp/gradle_download11206467366757192225bin
Downloading https://repo.maven.apache.org/maven2/org/lwjgl/lwjgl-bom/3.3.6/lwjgl-bom-3.3.6.module to /Users/jendrik/projects/gradle/howto/javarcade/docs/presentation/src/main/assets/work/home/.gradle/.tmp/gradle_download8103616416044240476bin
Downloading https://repo.maven.apache.org/maven2/org/slf4j/slf4j-api/2.0.17/slf4j-api-2.0.17.pom to /Users/jendrik/projects/gradle/howto/javarcade/docs/presentation/src/main/assets/work/home/.gradle/.tmp/gradle_download9492087275698286271bin
Downloading https://repo.maven.apache.org/maven2/org/slf4j/slf4j-parent/2.0.17/slf4j-parent-2.0.17.pom to /Users/jendrik/projects/gradle/howto/javarcade/docs/presentation/src/main/assets/work/home/.gradle/.tmp/gradle_download5131703948931922658bin
Downloading https://repo.maven.apache.org/maven2/org/slf4j/slf4j-api/2.0.17/slf4j-api-2.0.17.jar to /Users/jendrik/projects/gradle/howto/javarcade/docs/presentation/src/main/assets/work/home/.gradle/.tmp/gradle_download11606575055287980939bin
Downloading https://repo.maven.apache.org/maven2/org/slf4j/slf4j-jdk14/2.0.17/slf4j-jdk14-2.0.17.pom to /Users/jendrik/projects/gradle/howto/javarcade/docs/presentation/src/main/assets/work/home/.gradle/.tmp/gradle_download3859112379177370141bin
Downloading https://repo.maven.apache.org/maven2/org/slf4j/slf4j-jdk14/2.0.17/slf4j-jdk14-2.0.17.jar to /Users/jendrik/projects/gradle/howto/javarcade/docs/presentation/src/main/assets/work/home/.gradle/.tmp/gradle_download9187671939491190521bin
Downloading https://repo.maven.apache.org/maven2/commons-io/commons-io/2.16.1/commons-io-2.16.1.pom to /Users/jendrik/projects/gradle/howto/javarcade/docs/presentation/src/main/assets/work/home/.gradle/.tmp/gradle_download8802750287007270328bin
Downloading https://repo.maven.apache.org/maven2/org/apache/commons/commons-parent/69/commons-parent-69.pom to /Users/jendrik/projects/gradle/howto/javarcade/docs/presentation/src/main/assets/work/home/.gradle/.tmp/gradle_download866451469858399007bin
Downloading https://repo.maven.apache.org/maven2/org/apache/apache/31/apache-31.pom to /Users/jendrik/projects/gradle/howto/javarcade/docs/presentation/src/main/assets/work/home/.gradle/.tmp/gradle_download10371257933820147678bin
Downloading https://repo.maven.apache.org/maven2/org/junit/junit-bom/5.10.2/junit-bom-5.10.2.pom to /Users/jendrik/projects/gradle/howto/javarcade/docs/presentation/src/main/assets/work/home/.gradle/.tmp/gradle_download4109274761354467333bin
Downloading https://repo.maven.apache.org/maven2/org/junit/junit-bom/5.10.2/junit-bom-5.10.2.module to /Users/jendrik/projects/gradle/howto/javarcade/docs/presentation/src/main/assets/work/home/.gradle/.tmp/gradle_download18135487904969211683bin
Downloading https://repo.maven.apache.org/maven2/commons-io/commons-io/2.16.1/commons-io-2.16.1.jar to /Users/jendrik/projects/gradle/howto/javarcade/docs/presentation/src/main/assets/work/home/.gradle/.tmp/gradle_download15588252554275805690bin
Downloading https://repo.maven.apache.org/maven2/org/apache/commons/commons-csv/1.14.0/commons-csv-1.14.0.pom to /Users/jendrik/projects/gradle/howto/javarcade/docs/presentation/src/main/assets/work/home/.gradle/.tmp/gradle_download16381511294144236395bin
Downloading https://repo.maven.apache.org/maven2/org/apache/commons/commons-parent/81/commons-parent-81.pom to /Users/jendrik/projects/gradle/howto/javarcade/docs/presentation/src/main/assets/work/home/.gradle/.tmp/gradle_download16362836549753855857bin
Downloading https://repo.maven.apache.org/maven2/org/apache/apache/33/apache-33.pom to /Users/jendrik/projects/gradle/howto/javarcade/docs/presentation/src/main/assets/work/home/.gradle/.tmp/gradle_download15117855434959672765bin
Downloading https://repo.maven.apache.org/maven2/org/junit/junit-bom/5.11.4/junit-bom-5.11.4.pom to /Users/jendrik/projects/gradle/howto/javarcade/docs/presentation/src/main/assets/work/home/.gradle/.tmp/gradle_download11084962139770277267bin
Downloading https://repo.maven.apache.org/maven2/org/junit/junit-bom/5.11.4/junit-bom-5.11.4.module to /Users/jendrik/projects/gradle/howto/javarcade/docs/presentation/src/main/assets/work/home/.gradle/.tmp/gradle_download3437024980135743632bin
Downloading https://repo.maven.apache.org/maven2/commons-codec/commons-codec/1.18.0/commons-codec-1.18.0.pom to /Users/jendrik/projects/gradle/howto/javarcade/docs/presentation/src/main/assets/work/home/.gradle/.tmp/gradle_download589382905308276789bin
Downloading https://repo.maven.apache.org/maven2/org/apache/commons/commons-parent/79/commons-parent-79.pom to /Users/jendrik/projects/gradle/howto/javarcade/docs/presentation/src/main/assets/work/home/.gradle/.tmp/gradle_download7536635870300479984bin
Downloading https://repo.maven.apache.org/maven2/commons-io/commons-io/2.18.0/commons-io-2.18.0.pom to /Users/jendrik/projects/gradle/howto/javarcade/docs/presentation/src/main/assets/work/home/.gradle/.tmp/gradle_download9268925765185807680bin
Downloading https://repo.maven.apache.org/maven2/org/apache/commons/commons-parent/78/commons-parent-78.pom to /Users/jendrik/projects/gradle/howto/javarcade/docs/presentation/src/main/assets/work/home/.gradle/.tmp/gradle_download4624986194909180994bin
Downloading https://repo.maven.apache.org/maven2/org/junit/junit-bom/5.11.2/junit-bom-5.11.2.pom to /Users/jendrik/projects/gradle/howto/javarcade/docs/presentation/src/main/assets/work/home/.gradle/.tmp/gradle_download15428317311416339389bin
Downloading https://repo.maven.apache.org/maven2/org/junit/junit-bom/5.11.2/junit-bom-5.11.2.module to /Users/jendrik/projects/gradle/howto/javarcade/docs/presentation/src/main/assets/work/home/.gradle/.tmp/gradle_download12264502543655269524bin
Downloading https://repo.maven.apache.org/maven2/org/apache/commons/commons-csv/1.14.0/commons-csv-1.14.0.jar to /Users/jendrik/projects/gradle/howto/javarcade/docs/presentation/src/main/assets/work/home/.gradle/.tmp/gradle_download10252240292109100487bin
Downloading https://repo.maven.apache.org/maven2/commons-io/commons-io/2.18.0/commons-io-2.18.0.jar to /Users/jendrik/projects/gradle/howto/javarcade/docs/presentation/src/main/assets/work/home/.gradle/.tmp/gradle_download9094056763995060725bin
Downloading https://repo.maven.apache.org/maven2/commons-codec/commons-codec/1.18.0/commons-codec-1.18.0.jar to /Users/jendrik/projects/gradle/howto/javarcade/docs/presentation/src/main/assets/work/home/.gradle/.tmp/gradle_download16529845146536523838bin
Downloading https://repo.maven.apache.org/maven2/org/lwjgl/lwjgl/3.3.6/lwjgl-3.3.6.pom to /Users/jendrik/projects/gradle/howto/javarcade/docs/presentation/src/main/assets/work/home/.gradle/.tmp/gradle_download16606626494350327630bin
Downloading https://repo.maven.apache.org/maven2/org/lwjgl/lwjgl-glfw/3.3.6/lwjgl-glfw-3.3.6.pom to /Users/jendrik/projects/gradle/howto/javarcade/docs/presentation/src/main/assets/work/home/.gradle/.tmp/gradle_download18265839240560852440bin
Downloading https://repo.maven.apache.org/maven2/org/lwjgl/lwjgl-opengl/3.3.6/lwjgl-opengl-3.3.6.pom to /Users/jendrik/projects/gradle/howto/javarcade/docs/presentation/src/main/assets/work/home/.gradle/.tmp/gradle_download15570433819755433032bin
Downloading https://repo.maven.apache.org/maven2/org/lwjgl/lwjgl-stb/3.3.6/lwjgl-stb-3.3.6.pom to /Users/jendrik/projects/gradle/howto/javarcade/docs/presentation/src/main/assets/work/home/.gradle/.tmp/gradle_download12627050919866586691bin
Downloading https://repo.maven.apache.org/maven2/org/lwjgl/lwjgl/3.3.6/lwjgl-3.3.6.jar to /Users/jendrik/projects/gradle/howto/javarcade/docs/presentation/src/main/assets/work/home/.gradle/.tmp/gradle_download626852687721001222bin
Downloading https://repo.maven.apache.org/maven2/org/lwjgl/lwjgl-opengl/3.3.6/lwjgl-opengl-3.3.6.jar to /Users/jendrik/projects/gradle/howto/javarcade/docs/presentation/src/main/assets/work/home/.gradle/.tmp/gradle_download14613754086573908419bin
Downloading https://repo.maven.apache.org/maven2/org/lwjgl/lwjgl-glfw/3.3.6/lwjgl-glfw-3.3.6.jar to /Users/jendrik/projects/gradle/howto/javarcade/docs/presentation/src/main/assets/work/home/.gradle/.tmp/gradle_download1267873047866856252bin
Downloading https://repo.maven.apache.org/maven2/org/lwjgl/lwjgl-stb/3.3.6/lwjgl-stb-3.3.6.jar to /Users/jendrik/projects/gradle/howto/javarcade/docs/presentation/src/main/assets/work/home/.gradle/.tmp/gradle_download16575080925607790960bin
Downloading https://repo.maven.apache.org/maven2/org/lwjgl/lwjgl-opengl/3.3.6/lwjgl-opengl-3.3.6-natives-macos-arm64.jar to /Users/jendrik/projects/gradle/howto/javarcade/docs/presentation/src/main/assets/work/home/.gradle/.tmp/gradle_download4201619082662730065bin
Downloading https://repo.maven.apache.org/maven2/org/lwjgl/lwjgl/3.3.6/lwjgl-3.3.6-natives-macos-arm64.jar to /Users/jendrik/projects/gradle/howto/javarcade/docs/presentation/src/main/assets/work/home/.gradle/.tmp/gradle_download1462718356310236573bin
Downloading https://repo.maven.apache.org/maven2/org/lwjgl/lwjgl-glfw/3.3.6/lwjgl-glfw-3.3.6-natives-macos-arm64.jar to /Users/jendrik/projects/gradle/howto/javarcade/docs/presentation/src/main/assets/work/home/.gradle/.tmp/gradle_download15342110933633503945bin
Downloading https://repo.maven.apache.org/maven2/org/lwjgl/lwjgl-stb/3.3.6/lwjgl-stb-3.3.6-natives-macos-arm64.jar to /Users/jendrik/projects/gradle/howto/javarcade/docs/presentation/src/main/assets/work/home/.gradle/.tmp/gradle_download6528935675555421329bin